# JRE version: OpenJDK Runtime Environment (8.0_212-b04) (build 1.8.0_212-release-1586-b04)
# Java VM: OpenJDK 64-Bit Server VM (25.212-b04 mixed mode windows-amd64 compressed oops)
Heap:
 PSYoungGen      total 308736K, used 59559K [0x00000000eab00000, 0x0000000100000000, 0x0000000100000000)
  eden space 277504K, 10% used [0x00000000eab00000,0x00000000ec6b8d18,0x00000000fba00000)
  from space 31232K, 99% used [0x00000000fe180000,0x00000000ffff10a0,0x0000000100000000)
  to   space 35840K, 0% used [0x00000000fba00000,0x00000000fba00000,0x00000000fdd00000)
 ParOldGen       total 187904K, used 57368K [0x00000000c0000000, 0x00000000cb780000, 0x00000000eab00000)
  object space 187904K, 30% used [0x00000000c0000000,0x00000000c3806110,0x00000000cb780000)
 Metaspace       used 72033K, capacity 75288K, committed 75608K, reserved 1114112K
  class space    used 9576K, capacity 10226K, committed 10328K, reserved 1048576K
GC Heap History (10 events):
Event: 12.407 GC heap before
{Heap before GC invocations=11 (full 2):
 PSYoungGen      total 251904K, used 72887K [0x00000000eab00000, 0x0000000100000000, 0x0000000100000000)
  eden space 244736K, 26% used [0x00000000eab00000,0x00000000eeb2e9b8,0x00000000f9a00000)
  from space 7168K, 99% used [0x00000000fb100000,0x00000000fb7ff300,0x00000000fb800000)
  to   space 23552K, 0% used [0x00000000f9a00000,0x00000000f9a00000,0x00000000fb100000)
 ParOldGen       total 111616K, used 38323K [0x00000000c0000000, 0x00000000c6d00000, 0x00000000eab00000)
  object space 111616K, 34% used [0x00000000c0000000,0x00000000c256cc00,0x00000000c6d00000)
 Metaspace       used 57136K, capacity 58964K, committed 59096K, reserved 1099776K
  class space    used 7848K, capacity 8322K, committed 8408K, reserved 1048576K
Event: 12.419 GC heap after
Heap after GC invocations=11 (full 2):
 PSYoungGen      total 268288K, used 14369K [0x00000000eab00000, 0x00000000fff00000, 0x0000000100000000)
  eden space 244736K, 0% used [0x00000000eab00000,0x00000000eab00000,0x00000000f9a00000)
  from space 23552K, 61% used [0x00000000f9a00000,0x00000000fa808720,0x00000000fb100000)
  to   space 23552K, 0% used [0x00000000fe800000,0x00000000fe800000,0x00000000fff00000)
 ParOldGen       total 111616K, used 38331K [0x00000000c0000000, 0x00000000c6d00000, 0x00000000eab00000)
  object space 111616K, 34% used [0x00000000c0000000,0x00000000c256ec00,0x00000000c6d00000)
 Metaspace       used 57136K, capacity 58964K, committed 59096K, reserved 1099776K
  class space    used 7848K, capacity 8322K, committed 8408K, reserved 1048576K
}
Event: 12.419 GC heap before
{Heap before GC invocations=12 (full 3):
 PSYoungGen      total 268288K, used 14369K [0x00000000eab00000, 0x00000000fff00000, 0x0000000100000000)
  eden space 244736K, 0% used [0x00000000eab00000,0x00000000eab00000,0x00000000f9a00000)
  from space 23552K, 61% used [0x00000000f9a00000,0x00000000fa808720,0x00000000fb100000)
  to   space 23552K, 0% used [0x00000000fe800000,0x00000000fe800000,0x00000000fff00000)
 ParOldGen       total 111616K, used 38331K [0x00000000c0000000, 0x00000000c6d00000, 0x00000000eab00000)
  object space 111616K, 34% used [0x00000000c0000000,0x00000000c256ec00,0x00000000c6d00000)
 Metaspace       used 57136K, capacity 58964K, committed 59096K, reserved 1099776K
  class space    used 7848K, capacity 8322K, committed 8408K, reserved 1048576K
Event: 12.708 GC heap after
Heap after GC invocations=12 (full 3):
 PSYoungGen      total 268288K, used 0K [0x00000000eab00000, 0x00000000fff00000, 0x0000000100000000)
  eden space 244736K, 0% used [0x00000000eab00000,0x00000000eab00000,0x00000000f9a00000)
  from space 23552K, 0% used [0x00000000f9a00000,0x00000000f9a00000,0x00000000fb100000)
  to   space 23552K, 0% used [0x00000000fe800000,0x00000000fe800000,0x00000000fff00000)
 ParOldGen       total 187904K, used 48670K [0x00000000c0000000, 0x00000000cb780000, 0x00000000eab00000)
  object space 187904K, 25% used [0x00000000c0000000,0x00000000c2f87838,0x00000000cb780000)
 Metaspace       used 57136K, capacity 58964K, committed 59096K, reserved 1099776K
  class space    used 7848K, capacity 8322K, committed 8408K, reserved 1048576K
}
Event: 15.227 GC heap before
{Heap before GC invocations=13 (full 3):
 PSYoungGen      total 268288K, used 244736K [0x00000000eab00000, 0x00000000fff00000, 0x0000000100000000)
  eden space 244736K, 100% used [0x00000000eab00000,0x00000000f9a00000,0x00000000f9a00000)
  from space 23552K, 0% used [0x00000000f9a00000,0x00000000f9a00000,0x00000000fb100000)
  to   space 23552K, 0% used [0x00000000fe800000,0x00000000fe800000,0x00000000fff00000)
 ParOldGen       total 187904K, used 48670K [0x00000000c0000000, 0x00000000cb780000, 0x00000000eab00000)
  object space 187904K, 25% used [0x00000000c0000000,0x00000000c2f87838,0x00000000cb780000)
 Metaspace       used 60299K, capacity 62980K, committed 63192K, reserved 1103872K
  class space    used 8310K, capacity 8838K, committed 8920K, reserved 1048576K
Event: 15.243 GC heap after
Heap after GC invocations=13 (full 3):
 PSYoungGen      total 299008K, used 17199K [0x00000000eab00000, 0x00000000ff900000, 0x0000000100000000)
  eden space 281600K, 0% used [0x00000000eab00000,0x00000000eab00000,0x00000000fbe00000)
  from space 17408K, 98% used [0x00000000fe800000,0x00000000ff8cbec0,0x00000000ff900000)
  to   space 24576K, 0% used [0x00000000fc900000,0x00000000fc900000,0x00000000fe100000)
 ParOldGen       total 187904K, used 48678K [0x00000000c0000000, 0x00000000cb780000, 0x00000000eab00000)
  object space 187904K, 25% used [0x00000000c0000000,0x00000000c2f89838,0x00000000cb780000)
 Metaspace       used 60299K, capacity 62980K, committed 63192K, reserved 1103872K
  class space    used 8310K, capacity 8838K, committed 8920K, reserved 1048576K
}
Event: 38.669 GC heap before
{Heap before GC invocations=14 (full 3):
 PSYoungGen      total 299008K, used 298799K [0x00000000eab00000, 0x00000000ff900000, 0x0000000100000000)
  eden space 281600K, 100% used [0x00000000eab00000,0x00000000fbe00000,0x00000000fbe00000)
  from space 17408K, 98% used [0x00000000fe800000,0x00000000ff8cbec0,0x00000000ff900000)
  to   space 24576K, 0% used [0x00000000fc900000,0x00000000fc900000,0x00000000fe100000)
 ParOldGen       total 187904K, used 48678K [0x00000000c0000000, 0x00000000cb780000, 0x00000000eab00000)
  object space 187904K, 25% used [0x00000000c0000000,0x00000000c2f89838,0x00000000cb780000)
 Metaspace       used 68398K, capacity 71380K, committed 71640K, reserved 1112064K
  class space    used 9218K, capacity 9838K, committed 9944K, reserved 1048576K
Event: 38.710 GC heap after
Heap after GC invocations=14 (full 3):
 PSYoungGen      total 317440K, used 24556K [0x00000000eab00000, 0x0000000100000000, 0x0000000100000000)
  eden space 292864K, 0% used [0x00000000eab00000,0x00000000eab00000,0x00000000fc900000)
  from space 24576K, 99% used [0x00000000fc900000,0x00000000fe0fb0b0,0x00000000fe100000)
  to   space 31232K, 0% used [0x00000000fe180000,0x00000000fe180000,0x0000000100000000)
 ParOldGen       total 187904K, used 57360K [0x00000000c0000000, 0x00000000cb780000, 0x00000000eab00000)
  object space 187904K, 30% used [0x00000000c0000000,0x00000000c3804110,0x00000000cb780000)
 Metaspace       used 68398K, capacity 71380K, committed 71640K, reserved 1112064K
  class space    used 9218K, capacity 9838K, committed 9944K, reserved 1048576K
}
Event: 1640.809 GC heap before
{Heap before GC invocations=15 (full 3):
 PSYoungGen      total 317440K, used 317420K [0x00000000eab00000, 0x0000000100000000, 0x0000000100000000)
  eden space 292864K, 100% used [0x00000000eab00000,0x00000000fc900000,0x00000000fc900000)
  from space 24576K, 99% used [0x00000000fc900000,0x00000000fe0fb0b0,0x00000000fe100000)
  to   space 31232K, 0% used [0x00000000fe180000,0x00000000fe180000,0x0000000100000000)
 ParOldGen       total 187904K, used 57360K [0x00000000c0000000, 0x00000000cb780000, 0x00000000eab00000)
  object space 187904K, 30% used [0x00000000c0000000,0x00000000c3804110,0x00000000cb780000)
 Metaspace       used 71886K, capacity 75160K, committed 75352K, reserved 1114112K
  class space    used 9569K, capacity 10226K, committed 10328K, reserved 1048576K
Event: 1641.547 GC heap after
Heap after GC invocations=15 (full 3):
 PSYoungGen      total 308736K, used 31172K [0x00000000eab00000, 0x0000000100000000, 0x0000000100000000)
  eden space 277504K, 0% used [0x00000000eab00000,0x00000000eab00000,0x00000000fba00000)
  from space 31232K, 99% used [0x00000000fe180000,0x00000000ffff10a0,0x0000000100000000)
  to   space 35840K, 0% used [0x00000000fba00000,0x00000000fba00000,0x00000000fdd00000)
 ParOldGen       total 187904K, used 57368K [0x00000000c0000000, 0x00000000cb780000, 0x00000000eab00000)
  object space 187904K, 30% used [0x00000000c0000000,0x00000000c3806110,0x00000000cb780000)
 Metaspace       used 71886K, capacity 75160K, committed 75352K, reserved 1114112K
  class space    used 9569K, capacity 10226K, committed 10328K, reserved 1048576K
}

